<?xml version="1.0" encoding="UTF-8"?>
<!-- Generated by org.testng.reporters.JUnitReportReporter -->
<testsuite skipped="0" hostname="LAPTOP-910G9DND" name="com.KeywordDriven.Testing.HomePage_Tests" tests="1" failures="0" timestamp="2020-04-04T11:52:32 IST" time="18.982" errors="0">
  <testcase name="take_Screenshot" time="18.982" classname="com.KeywordDriven.Testing.HomePage_Tests"/>
  <system-out/>
</testsuite> <!-- com.KeywordDriven.Testing.HomePage_Tests -->
